<?xml version="1.0" encoding="UTF-8"?>
<!-- Generated by org.testng.reporters.JUnitReportReporter -->
<testsuite hostname="AH4000691LT" failures="0" tests="1" name="org.rahulshettyacademy.ExtentReports.ExtentReportsDemo" time="10.803" errors="0" timestamp="2022-09-18T15:15:50 IST" skipped="0">
  <testcase classname="org.rahulshettyacademy.ExtentReports.ExtentReportsDemo" name="intialDemo" time="10.803"/>
  <system-out/>
</testsuite> <!-- org.rahulshettyacademy.ExtentReports.ExtentReportsDemo -->
